<?xml version="1.0" encoding="UTF-8"?>
<testng-results ignored="0" total="1" passed="1" failed="0" skipped="0">
  <reporter-output>
  </reporter-output>
  <suite started-at="2021-11-19T10:29:32 IST" name="Default suite" finished-at="2021-11-19T10:30:14 IST" duration-ms="42176">
    <groups>
      <group name="cucumber">
        <method signature="AbstractTestNGCucumberTests.runScenario(io.cucumber.testng.PickleWrapper, io.cucumber.testng.FeatureWrapper)[pri:0, instance:runners.CRMRunner@659a969b]" name="runScenario" class="io.cucumber.testng.AbstractTestNGCucumberTests"/>
      </group> <!-- cucumber -->
    </groups>
    <test started-at="2021-11-19T10:29:32 IST" name="Default test" finished-at="2021-11-19T10:30:14 IST" duration-ms="42176">
      <class name="runners.CRMRunner">
        <test-method is-config="true" signature="setUpClass()[pri:0, instance:runners.CRMRunner@659a969b]" started-at="2021-11-19T10:29:32 IST" name="setUpClass" finished-at="2021-11-19T10:29:34 IST" duration-ms="2467" status="PASS">
          <reporter-output>
          </reporter-output>
        </test-method> <!-- setUpClass -->
        <test-method signature="runScenario(io.cucumber.testng.PickleWrapper, io.cucumber.testng.FeatureWrapper)[pri:0, instance:runners.CRMRunner@659a969b]" started-at="2021-11-19T10:29:34 IST" name="runScenario" description="Runs Cucumber Scenarios" data-provider="scenarios" finished-at="2021-11-19T10:30:11 IST" duration-ms="36080" status="PASS">
          <params>
            <param index="0">
              <value>
                <![CDATA["Create a Contact"]]>
              </value>
            </param>
            <param index="1">
              <value>
                <![CDATA["Optional[Contact Management]"]]>
              </value>
            </param>
          </params>
          <reporter-output>
          </reporter-output>
        </test-method> <!-- runScenario -->
        <test-method is-config="true" signature="tearDownClass()[pri:0, instance:runners.CRMRunner@659a969b]" started-at="2021-11-19T10:30:11 IST" name="tearDownClass" finished-at="2021-11-19T10:30:14 IST" duration-ms="3081" status="PASS">
          <reporter-output>
          </reporter-output>
        </test-method> <!-- tearDownClass -->
      </class> <!-- runners.CRMRunner -->
    </test> <!-- Default test -->
  </suite> <!-- Default suite -->
</testng-results>
